  imgui_impl_glfw.cpp
  imgui_impl_opengl3.cpp
C:\Users\ngamy\Projects\Motion-Graphs\Motion Graphs Project\include\imgui\backends\imgui_impl_glfw.cpp(74,10): error C1083: Cannot open include file: 'GLFW/glfw3.h': No such file or directory
  imgui.cpp
  imgui_demo.cpp
  imgui_draw.cpp
  imgui_tables.cpp
  imgui_widgets.cpp
  Bone.cpp
C:\Users\ngamy\Projects\Motion-Graphs\Motion Graphs Project\src\core\Bone.cpp(1,10): error C1083: Cannot open include file: 'core/Bone.h': No such file or directory
  Animation.cpp
C:\Users\ngamy\Projects\Motion-Graphs\Motion Graphs Project\src\core\Animation.cpp(1,10): error C1083: Cannot open include file: 'core/Animation.h': No such file or directory
  Camera.cpp
C:\Users\ngamy\Projects\Motion-Graphs\Motion Graphs Project\src\core\Camera.cpp(1,10): error C1083: Cannot open include file: 'core/Camera.h': No such file or directory
  Render.cpp
C:\Users\ngamy\Projects\Motion-Graphs\Motion Graphs Project\src\core\Render.cpp(1,10): error C1083: Cannot open include file: 'glad/glad.h': No such file or directory
  Skeleton.cpp
C:\Users\ngamy\Projects\Motion-Graphs\Motion Graphs Project\src\core\Skeleton.cpp(1,10): error C1083: Cannot open include file: 'core/Skeleton.h': No such file or directory
  stb.cpp
C:\Users\ngamy\Projects\Motion-Graphs\Motion Graphs Project\src\core\stb.cpp(2,10): error C1083: Cannot open include file: 'stb-master/stb_image.h': No such file or directory
  Distance.cpp
C:\Users\ngamy\Projects\Motion-Graphs\Motion Graphs Project\src\gen\Distance.cpp(1,10): error C1083: Cannot open include file: 'gen/Distance.h': No such file or directory
  Graph.cpp
C:\Users\ngamy\Projects\Motion-Graphs\Motion Graphs Project\src\gen\Graph.cpp(1,10): error C1083: Cannot open include file: 'gen/graph.h': No such file or directory
  LocalMin.cpp
C:\Users\ngamy\Projects\Motion-Graphs\Motion Graphs Project\src\gen\LocalMin.cpp(1,10): error C1083: Cannot open include file: 'gen/LocalMin.h': No such file or directory
  Pathline.cpp
C:\Users\ngamy\Projects\Motion-Graphs\Motion Graphs Project\src\gen\Pathline.cpp(1,10): error C1083: Cannot open include file: 'gen/Pathline.h': No such file or directory
  Pipeline.cpp
C:\Users\ngamy\Projects\Motion-Graphs\Motion Graphs Project\src\gen\Pipeline.cpp(1,10): error C1083: Cannot open include file: 'gen/Pipeline.h': No such file or directory
  KovarMG.cpp
C:\Users\ngamy\Projects\Motion-Graphs\Motion Graphs Project\src\mogen\KovarMG.cpp(1,10): error C1083: Cannot open include file: 'mogen/KovarMG.h': No such file or directory
  RandomMG.cpp
C:\Users\ngamy\Projects\Motion-Graphs\Motion Graphs Project\src\mogen\RandomMG.cpp(1,10): error C1083: Cannot open include file: 'mogen/RandomMG.h': No such file or directory
